Flutter crash report.
Please report a bug at https://github.com/flutter/flutter/issues.

## command

flutter pub get

## exception

FileSystemException: FileSystemException: Cannot create link, path = 'D:\UNEMIapp\unemi\windows\flutter\ephemeral\.plugin_symlinks\path_provider_windows' (OS Error: Incorrect function.
, errno = 1)

```
#0      _Link.throwIfError (dart:io/link.dart:263:7)
#1      _Link.createSync (dart:io/link.dart:184:5)
#2      ForwardingLink.createSync (package:file/src/forwarding/forwarding_link.dart:20:16)
#3      ForwardingLink.createSync (package:file/src/forwarding/forwarding_link.dart:20:16)
#4      _createPlatformPluginSymlinks (package:flutter_tools/src/flutter_plugins.dart:1057:12)
#5      createPluginSymlinks (package:flutter_tools/src/flutter_plugins.dart:987:5)
#6      refreshPluginsList (package:flutter_tools/src/flutter_plugins.dart:1089:5)
<asynchronous suspension>
#7      FlutterProject.ensureReadyForPlatformSpecificTooling (package:flutter_tools/src/project.dart:350:5)
<asynchronous suspension>
#8      PackagesGetCommand.runCommand (package:flutter_tools/src/commands/packages.dart:175:5)
<asynchronous suspension>
#9      FlutterCommand.run.<anonymous closure> (package:flutter_tools/src/runner/flutter_command.dart:1209:27)
<asynchronous suspension>
#10     AppContext.run.<anonymous closure> (package:flutter_tools/src/base/context.dart:150:19)
<asynchronous suspension>
#11     CommandRunner.runCommand (package:args/command_runner.dart:209:13)
<asynchronous suspension>
#12     FlutterCommandRunner.runCommand.<anonymous closure> (package:flutter_tools/src/runner/flutter_command_runner.dart:281:9)
<asynchronous suspension>
#13     AppContext.run.<anonymous closure> (package:flutter_tools/src/base/context.dart:150:19)
<asynchronous suspension>
#14     FlutterCommandRunner.runCommand (package:flutter_tools/src/runner/flutter_command_runner.dart:229:5)
<asynchronous suspension>
#15     run.<anonymous closure>.<anonymous closure> (package:flutter_tools/runner.dart:62:9)
<asynchronous suspension>
#16     AppContext.run.<anonymous closure> (package:flutter_tools/src/base/context.dart:150:19)
<asynchronous suspension>
#17     main (package:flutter_tools/executable.dart:91:3)
<asynchronous suspension>
```

## flutter doctor

```
[✓] Flutter (Channel stable, 3.3.5, on Microsoft Windows [Version 10.0.19044.2130], locale en-US)
    • Flutter version 3.3.5 on channel stable at D:\tools\flutter
    • Upstream repository https://github.com/flutter/flutter.git
    • Framework revision d9111f6402 (3 weeks ago), 2022-10-19 12:27:13 -0700
    • Engine revision 3ad69d7be3
    • Dart version 2.18.2
    • DevTools version 2.15.0

[!] Android toolchain - develop for Android devices (Android SDK version 33.0.0)
    • Android SDK at C:\Users\ranfo\AppData\Local\Android\Sdk
    ✗ cmdline-tools component is missing
      Run `path/to/sdkmanager --install "cmdline-tools;latest"`
      See https://developer.android.com/studio/command-line for more details.
    ✗ Android license status unknown.
      Run `flutter doctor --android-licenses` to accept the SDK licenses.
      See https://flutter.dev/docs/get-started/install/windows#android-setup for more details.

[✓] Chrome - develop for the web
    • Chrome at C:\Program Files\Google\Chrome\Application\chrome.exe

[✓] Visual Studio - develop for Windows (Visual Studio Community 2022 17.3.6)
    • Visual Studio at D:\vs
    • Visual Studio Community 2022 version 17.3.32929.385
    • Windows 10 SDK version 10.0.19041.0

[✓] Android Studio (version 2021.3)
    • Android Studio at D:\androidStudio
    • Flutter plugin can be installed from:
      🔨 https://plugins.jetbrains.com/plugin/9212-flutter
    • Dart plugin can be installed from:
      🔨 https://plugins.jetbrains.com/plugin/6351-dart
    • Java version OpenJDK Runtime Environment (build 11.0.13+0-b1751.21-8125866)

[✓] VS Code (version 1.73.0)
    • VS Code at C:\Users\ranfo\AppData\Local\Programs\Microsoft VS Code
    • Flutter extension version 3.52.0

[✓] Connected device (4 available)
    • E6553 (mobile)    • CB5A2C4CQ4 • android-arm64  • Android 7.1.1 (API 25)
    • Windows (desktop) • windows    • windows-x64    • Microsoft Windows [Version 10.0.19044.2130]
    • Chrome (web)      • chrome     • web-javascript • Google Chrome 107.0.5304.88
    • Edge (web)        • edge       • web-javascript • Microsoft Edge 106.0.1370.52

[✓] HTTP Host Availability
    • All required HTTP hosts are available

! Doctor found issues in 1 category.
```
